<html>
<head>
<title>TestNG:  PersonalLoginTest</title>
<link href="../testng.css" rel="stylesheet" type="text/css" />
<link href="../my-testng.css" rel="stylesheet" type="text/css" />

<style type="text/css">
.log { display: none;} 
.stack-trace { display: none;} 
</style>
<script type="text/javascript">
<!--
function flip(e) {
  current = e.style.display;
  if (current == 'block') {
    e.style.display = 'none';
    return 0;
  }
  else {
    e.style.display = 'block';
    return 1;
  }
}

function toggleBox(szDivId, elem, msg1, msg2)
{
  var res = -1;  if (document.getElementById) {
    res = flip(document.getElementById(szDivId));
  }
  else if (document.all) {
    // this is the way old msie versions work
    res = flip(document.all[szDivId]);
  }
  if(elem) {
    if(res == 0) elem.innerHTML = msg1; else elem.innerHTML = msg2;
  }

}

function toggleAllBoxes() {
  if (document.getElementsByTagName) {
    d = document.getElementsByTagName('div');
    for (i = 0; i < d.length; i++) {
      if (d[i].className == 'log') {
        flip(d[i]);
      }
    }
  }
}

// -->
</script>

</head>
<body>
<h2 align='center'>PersonalLoginTest</h2><table border='1' align="center">
<tr>
<td>Tests passed/Failed/Skipped:</td><td>12/0/0</td>
</tr><tr>
<td>Started on:</td><td>Sun May 09 15:10:58 IST 2021</td>
</tr>
<tr><td>Total time:</td><td>5 seconds (5672 ms)</td>
</tr><tr>
<td>Included groups:</td><td></td>
</tr><tr>
<td>Excluded groups:</td><td></td>
</tr>
</table><p/>
<small><i>(Hover the method name to see the test class name)</i></small><p/>
<table width='100%' border='1' class='invocation-failed'>
<tr><td colspan='4' align='center'><b>FAILED CONFIGURATIONS</b></td></tr>
<tr><td><b>Test method</b></td>
<td width="30%"><b>Exception</b></td>
<td width="10%"><b>Time (seconds)</b></td>
<td><b>Instance</b></td>
</tr>
<tr>
<td title='PlateIqAssignment.MakeMyTripAssignment.PersonalLogin.closeWindow()'><b>closeWindow</b><br>Test class: PlateIqAssignment.MakeMyTripAssignment.PersonalLogin</td>
<td><div><pre>org.openqa.selenium.WebDriverException: chrome not reachable
  (Session info: chrome=88.0.4324.182)
Build info: version: &apos;4.0.0-beta-3&apos;, revision: &apos;5d108f9a67&apos;
System info: host: &apos;Ashish-Mahadi&apos;, ip: &apos;127.0.1.1&apos;, os.name: &apos;Linux&apos;, os.arch: &apos;amd64&apos;, os.version: &apos;5.3.0-64-generic&apos;, java.version: &apos;11.0.7&apos;
Driver info: org.openqa.selenium.chrome.ChromeDriver
Command: [d48e59699cf8d7c92fdd1e9bb7713b18, close {}]
Capabilities {acceptInsecureCerts: false, browserName: chrome, browserVersion: 88.0.4324.182, chrome: {chromedriverVersion: 88.0.4324.96 (68dba2d8a0b14..., userDataDir: /tmp/.com.google.Chrome.hrwovb}, goog:chromeOptions: {debuggerAddress: localhost:41267}, javascriptEnabled: true, networkConnectionEnabled: false, pageLoadStrategy: normal, platform: LINUX, platformName: LINUX, proxy: Proxy(), se:cdp: ws://localhost:41267/devtoo..., se:cdpVersion: 88.0.4324.182, setWindowRect: true, strictFileInteractability: false, timeouts: {implicit: 0, pageLoad: 300000, script: 30000}, unhandledPromptBehavior: dismiss and notify, webauthn:extension:largeBlob: true, webauthn:virtualAuthenticators: true}
Session ID: d48e59699cf8d7c92fdd1e9bb7713b18
	at org.openqa.selenium.remote.codec.w3c.W3CHttpResponseCodec.createException(W3CHttpResponseCodec.java:198)
	at org.openqa.selenium.remote.codec.w3c.W3CHttpResponseCodec.decode(W3CHttpResponseCodec.java:131)
	at org.openqa.selenium.remote.codec.w3c.W3CHttpResponseCodec.decode(W3CHttpResponseCodec.java:52)
	at org.openqa.selenium.remote.HttpCommandExecutor.execute(HttpCommandExecutor.java:184)
	at org.openqa.selenium.remote.service.DriverCommandExecutor.invokeExecute(DriverCommandExecutor.java:153)
	at org.openqa.selenium.remote.service.DriverCommandExecutor.execute(DriverCommandExecutor.java:128)
	at org.openqa.selenium.remote.RemoteWebDriver.execute(RemoteWebDriver.java:619)
	at org.openqa.selenium.remote.RemoteWebDriver.execute(RemoteWebDriver.java:674)
	at org.openqa.selenium.remote.RemoteWebDriver.execute(RemoteWebDriver.java:678)
	at org.openqa.selenium.remote.RemoteWebDriver.close(RemoteWebDriver.java:504)
	at PlateIqAssignment.MakeMyTripAssignment.PersonalLogin.closeWindow(PersonalLogin.java:123)
... Removed 32 stack frames</pre></div><a href='#' onClick='toggleBox("stack-trace1809995046", this, "Click to show all stack frames", "Click to hide stack frames")'>Click to show all stack frames</a>
<div class='stack-trace' id='stack-trace1809995046'><pre>org.openqa.selenium.WebDriverException: chrome not reachable
  (Session info: chrome=88.0.4324.182)
Build info: version: &apos;4.0.0-beta-3&apos;, revision: &apos;5d108f9a67&apos;
System info: host: &apos;Ashish-Mahadi&apos;, ip: &apos;127.0.1.1&apos;, os.name: &apos;Linux&apos;, os.arch: &apos;amd64&apos;, os.version: &apos;5.3.0-64-generic&apos;, java.version: &apos;11.0.7&apos;
Driver info: org.openqa.selenium.chrome.ChromeDriver
Command: [d48e59699cf8d7c92fdd1e9bb7713b18, close {}]
Capabilities {acceptInsecureCerts: false, browserName: chrome, browserVersion: 88.0.4324.182, chrome: {chromedriverVersion: 88.0.4324.96 (68dba2d8a0b14..., userDataDir: /tmp/.com.google.Chrome.hrwovb}, goog:chromeOptions: {debuggerAddress: localhost:41267}, javascriptEnabled: true, networkConnectionEnabled: false, pageLoadStrategy: normal, platform: LINUX, platformName: LINUX, proxy: Proxy(), se:cdp: ws://localhost:41267/devtoo..., se:cdpVersion: 88.0.4324.182, setWindowRect: true, strictFileInteractability: false, timeouts: {implicit: 0, pageLoad: 300000, script: 30000}, unhandledPromptBehavior: dismiss and notify, webauthn:extension:largeBlob: true, webauthn:virtualAuthenticators: true}
Session ID: d48e59699cf8d7c92fdd1e9bb7713b18
	at java.base/jdk.internal.reflect.NativeConstructorAccessorImpl.newInstance0(Native Method)
	at java.base/jdk.internal.reflect.NativeConstructorAccessorImpl.newInstance(NativeConstructorAccessorImpl.java:62)
	at java.base/jdk.internal.reflect.DelegatingConstructorAccessorImpl.newInstance(DelegatingConstructorAccessorImpl.java:45)
	at java.base/java.lang.reflect.Constructor.newInstance(Constructor.java:490)
	at org.openqa.selenium.remote.codec.w3c.W3CHttpResponseCodec.createException(W3CHttpResponseCodec.java:198)
	at org.openqa.selenium.remote.codec.w3c.W3CHttpResponseCodec.decode(W3CHttpResponseCodec.java:131)
	at org.openqa.selenium.remote.codec.w3c.W3CHttpResponseCodec.decode(W3CHttpResponseCodec.java:52)
	at org.openqa.selenium.remote.HttpCommandExecutor.execute(HttpCommandExecutor.java:184)
	at org.openqa.selenium.remote.service.DriverCommandExecutor.invokeExecute(DriverCommandExecutor.java:153)
	at org.openqa.selenium.remote.service.DriverCommandExecutor.execute(DriverCommandExecutor.java:128)
	at org.openqa.selenium.remote.RemoteWebDriver.execute(RemoteWebDriver.java:619)
	at org.openqa.selenium.remote.RemoteWebDriver.execute(RemoteWebDriver.java:674)
	at org.openqa.selenium.remote.RemoteWebDriver.execute(RemoteWebDriver.java:678)
	at org.openqa.selenium.remote.RemoteWebDriver.close(RemoteWebDriver.java:504)
	at PlateIqAssignment.MakeMyTripAssignment.PersonalLogin.closeWindow(PersonalLogin.java:123)
	at java.base/jdk.internal.reflect.NativeMethodAccessorImpl.invoke0(Native Method)
	at java.base/jdk.internal.reflect.NativeMethodAccessorImpl.invoke(NativeMethodAccessorImpl.java:62)
	at java.base/jdk.internal.reflect.DelegatingMethodAccessorImpl.invoke(DelegatingMethodAccessorImpl.java:43)
	at java.base/java.lang.reflect.Method.invoke(Method.java:566)
	at org.testng.internal.MethodInvocationHelper.invokeMethod(MethodInvocationHelper.java:133)
	at org.testng.internal.MethodInvocationHelper.invokeMethodConsideringTimeout(MethodInvocationHelper.java:62)
	at org.testng.internal.ConfigInvoker.invokeConfigurationMethod(ConfigInvoker.java:385)
	at org.testng.internal.ConfigInvoker.invokeConfigurations(ConfigInvoker.java:321)
	at org.testng.TestRunner.invokeTestConfigurations(TestRunner.java:637)
	at org.testng.TestRunner.afterRun(TestRunner.java:877)
	at org.testng.TestRunner.run(TestRunner.java:599)
	at org.testng.SuiteRunner.runTest(SuiteRunner.java:377)
	at org.testng.SuiteRunner.runSequentially(SuiteRunner.java:371)
	at org.testng.SuiteRunner.privateRun(SuiteRunner.java:332)
	at org.testng.SuiteRunner.run(SuiteRunner.java:276)
	at org.testng.SuiteRunnerWorker.runSuite(SuiteRunnerWorker.java:53)
	at org.testng.SuiteRunnerWorker.run(SuiteRunnerWorker.java:96)
	at org.testng.TestNG.runSuitesSequentially(TestNG.java:1212)
	at org.testng.TestNG.runSuitesLocally(TestNG.java:1134)
	at org.testng.TestNG.runSuites(TestNG.java:1063)
	at org.testng.TestNG.run(TestNG.java:1031)
	at org.apache.maven.surefire.testng.TestNGExecutor.run(TestNGExecutor.java:284)
	at org.apache.maven.surefire.testng.TestNGXmlTestSuite.execute(TestNGXmlTestSuite.java:75)
	at org.apache.maven.surefire.testng.TestNGProvider.invoke(TestNGProvider.java:119)
	at org.apache.maven.surefire.booter.ForkedBooter.runSuitesInProcess(ForkedBooter.java:428)
	at org.apache.maven.surefire.booter.ForkedBooter.execute(ForkedBooter.java:162)
	at org.apache.maven.surefire.booter.ForkedBooter.run(ForkedBooter.java:562)
	at org.apache.maven.surefire.booter.ForkedBooter.main(ForkedBooter.java:548)
</pre></div></td>
<td>0</td>
<td>PlateIqAssignment.MakeMyTripAssignment.PersonalLogin@51e5fc98</td></tr>
</table><p>
<table width='100%' border='1' class='invocation-passed'>
<tr><td colspan='4' align='center'><b>PASSED TESTS</b></td></tr>
<tr><td><b>Test method</b></td>
<td width="30%"><b>Exception</b></td>
<td width="10%"><b>Time (seconds)</b></td>
<td><b>Instance</b></td>
</tr>
<tr>
<td title='PlateIqAssignment.MakeMyTripAssignment.PersonalLogin.personalLoginTests()'><b>personalLoginTests</b><br>Test class: PlateIqAssignment.MakeMyTripAssignment.PersonalLogin<br>Parameters: testplateiq@gmail.com, TEST@123, Both UserName & Password empty, error -Please enter a valid Email Id or Mobile Number message is displayed</td>
<td></td>
<td>0</td>
<td>PlateIqAssignment.MakeMyTripAssignment.PersonalLogin@51e5fc98</td></tr>
<tr>
<td title='PlateIqAssignment.MakeMyTripAssignment.PersonalLogin.personalLoginTests()'><b>personalLoginTests</b><br>Test class: PlateIqAssignment.MakeMyTripAssignment.PersonalLogin<br>Parameters: plateiqxyz@gmail.com, test@123, Account which does not exist, error -Password field is not displayed for invalid</td>
<td></td>
<td>0</td>
<td>PlateIqAssignment.MakeMyTripAssignment.PersonalLogin@51e5fc98</td></tr>
<tr>
<td title='PlateIqAssignment.MakeMyTripAssignment.PersonalLogin.personalLoginTests()'><b>personalLoginTests</b><br>Test class: PlateIqAssignment.MakeMyTripAssignment.PersonalLogin<br>Parameters: testplateiq, test@123, Invalid Email, error -Please enter a valid Email Id or Mobile Number message is displayed</td>
<td></td>
<td>0</td>
<td>PlateIqAssignment.MakeMyTripAssignment.PersonalLogin@51e5fc98</td></tr>
<tr>
<td title='PlateIqAssignment.MakeMyTripAssignment.PersonalLogin.personalLoginTests()'><b>personalLoginTests</b><br>Test class: PlateIqAssignment.MakeMyTripAssignment.PersonalLogin<br>Parameters: testplateiq@gmail.com, test, Both UserName & Password empty, error -Password cannot be less than 6 characters</td>
<td></td>
<td>0</td>
<td>PlateIqAssignment.MakeMyTripAssignment.PersonalLogin@51e5fc98</td></tr>
<tr>
<td title='PlateIqAssignment.MakeMyTripAssignment.PersonalLogin.personalLoginTests()'><b>personalLoginTests</b><br>Test class: PlateIqAssignment.MakeMyTripAssignment.PersonalLogin<br>Parameters: plateiqxyz@gmail.com, aaaa@123, Invalid Password, error -Either Username or Password is incorrect</td>
<td></td>
<td>0</td>
<td>PlateIqAssignment.MakeMyTripAssignment.PersonalLogin@51e5fc98</td></tr>
<tr>
<td title='PlateIqAssignment.MakeMyTripAssignment.PersonalLogin.personalLoginTests()'><b>personalLoginTests</b><br>Test class: PlateIqAssignment.MakeMyTripAssignment.PersonalLogin<br>Parameters:  , test@123, Empty UserName, error -Please enter a valid Email Id or Mobile Number message is displayed</td>
<td></td>
<td>0</td>
<td>PlateIqAssignment.MakeMyTripAssignment.PersonalLogin@51e5fc98</td></tr>
<tr>
<td title='PlateIqAssignment.MakeMyTripAssignment.PersonalLogin.personalLoginTests()'><b>personalLoginTests</b><br>Test class: PlateIqAssignment.MakeMyTripAssignment.PersonalLogin<br>Parameters: testplateiq@gmail.com,  , Empty Password, error -Please enter password.</td>
<td></td>
<td>0</td>
<td>PlateIqAssignment.MakeMyTripAssignment.PersonalLogin@51e5fc98</td></tr>
<tr>
<td title='PlateIqAssignment.MakeMyTripAssignment.PersonalLogin.personalLoginTests()'><b>personalLoginTests</b><br>Test class: PlateIqAssignment.MakeMyTripAssignment.PersonalLogin<br>Parameters: testplateiq@gmail.com, TEST@123, Password Case Sensitive, error -Either Username or Password is incorrect</td>
<td></td>
<td>0</td>
<td>PlateIqAssignment.MakeMyTripAssignment.PersonalLogin@51e5fc98</td></tr>
<tr>
<td title='PlateIqAssignment.MakeMyTripAssignment.PersonalLogin.personalLoginTests()'><b>personalLoginTests</b><br>Test class: PlateIqAssignment.MakeMyTripAssignment.PersonalLogin<br>Parameters: TESTPLATEIQ@GMAIL.COM, test@123, UserName in UpperCase, Pass</td>
<td></td>
<td>0</td>
<td>PlateIqAssignment.MakeMyTripAssignment.PersonalLogin@51e5fc98</td></tr>
<tr>
<td title='PlateIqAssignment.MakeMyTripAssignment.PersonalLogin.personalLoginTests()'><b>personalLoginTests</b><br>Test class: PlateIqAssignment.MakeMyTripAssignment.PersonalLogin<br>Parameters: plateiqxyzplateiqxyzplateiqxyz@gmail.com, test@123, Lengthy out of bound UserName, error -Password field is not displayed here</td>
<td></td>
<td>0</td>
<td>PlateIqAssignment.MakeMyTripAssignment.PersonalLogin@51e5fc98</td></tr>
<tr>
<td title='PlateIqAssignment.MakeMyTripAssignment.PersonalLogin.personalLoginTests()'><b>personalLoginTests</b><br>Test class: PlateIqAssignment.MakeMyTripAssignment.PersonalLogin<br>Parameters: testplateiq@gmail.com, test@123, Valid UserName & Password, Pass</td>
<td></td>
<td>4</td>
<td>PlateIqAssignment.MakeMyTripAssignment.PersonalLogin@51e5fc98</td></tr>
<tr>
<td title='PlateIqAssignment.MakeMyTripAssignment.PersonalLogin.personalLoginTests()'><b>personalLoginTests</b><br>Test class: PlateIqAssignment.MakeMyTripAssignment.PersonalLogin<br>Parameters:  , test#*~@123, Password with multiple special characters, error -Either Username or Password is incorrect</td>
<td></td>
<td>0</td>
<td>PlateIqAssignment.MakeMyTripAssignment.PersonalLogin@51e5fc98</td></tr>
</table><p>
</body>
</html>