<?xml version="1.0" encoding="UTF-8"?>
<!-- Generated by org.testng.reporters.JUnitXMLReporter -->
<testsuite ignored="0" hostname="Ashish-Mahadi" failures="0" tests="12" name="PersonalLoginTest" time="5.672" errors="0" timestamp="2021-05-09T15:11:04 IST">
  <testcase classname="PlateIqAssignment.MakeMyTripAssignment.PersonalLogin" name="@AfterTest closeWindow" time="0.006">
    <failure type="org.openqa.selenium.WebDriverException" message="chrome not reachable
  (Session info: chrome=88.0.4324.182)
Build info: version: &amp;apos;4.0.0-beta-3&amp;apos;, revision: &amp;apos;5d108f9a67&amp;apos;
System info: host: &amp;apos;Ashish-Mahadi&amp;apos;, ip: &amp;apos;127.0.1.1&amp;apos;, os.name: &amp;apos;Linux&amp;apos;, os.arch: &amp;apos;amd64&amp;apos;, os.version: &amp;apos;5.3.0-64-generic&amp;apos;, java.version: &amp;apos;11.0.7&amp;apos;
Driver info: org.openqa.selenium.chrome.ChromeDriver
Command: [d48e59699cf8d7c92fdd1e9bb7713b18, close {}]
Capabilities {acceptInsecureCerts: false, browserName: chrome, browserVersion: 88.0.4324.182, chrome: {chromedriverVersion: 88.0.4324.96 (68dba2d8a0b14..., userDataDir: /tmp/.com.google.Chrome.hrwovb}, goog:chromeOptions: {debuggerAddress: localhost:41267}, javascriptEnabled: true, networkConnectionEnabled: false, pageLoadStrategy: normal, platform: LINUX, platformName: LINUX, proxy: Proxy(), se:cdp: ws://localhost:41267/devtoo..., se:cdpVersion: 88.0.4324.182, setWindowRect: true, strictFileInteractability: false, timeouts: {implicit: 0, pageLoad: 300000, script: 30000}, unhandledPromptBehavior: dismiss and notify, webauthn:extension:largeBlob: true, webauthn:virtualAuthenticators: true}
Session ID: d48e59699cf8d7c92fdd1e9bb7713b18">
      <![CDATA[org.openqa.selenium.WebDriverException: chrome not reachable
  (Session info: chrome=88.0.4324.182)
Build info: version: '4.0.0-beta-3', revision: '5d108f9a67'
System info: host: 'Ashish-Mahadi', ip: '127.0.1.1', os.name: 'Linux', os.arch: 'amd64', os.version: '5.3.0-64-generic', java.version: '11.0.7'
Driver info: org.openqa.selenium.chrome.ChromeDriver
Command: [d48e59699cf8d7c92fdd1e9bb7713b18, close {}]
Capabilities {acceptInsecureCerts: false, browserName: chrome, browserVersion: 88.0.4324.182, chrome: {chromedriverVersion: 88.0.4324.96 (68dba2d8a0b14..., userDataDir: /tmp/.com.google.Chrome.hrwovb}, goog:chromeOptions: {debuggerAddress: localhost:41267}, javascriptEnabled: true, networkConnectionEnabled: false, pageLoadStrategy: normal, platform: LINUX, platformName: LINUX, proxy: Proxy(), se:cdp: ws://localhost:41267/devtoo..., se:cdpVersion: 88.0.4324.182, setWindowRect: true, strictFileInteractability: false, timeouts: {implicit: 0, pageLoad: 300000, script: 30000}, unhandledPromptBehavior: dismiss and notify, webauthn:extension:largeBlob: true, webauthn:virtualAuthenticators: true}
Session ID: d48e59699cf8d7c92fdd1e9bb7713b18
at org.openqa.selenium.remote.codec.w3c.W3CHttpResponseCodec.createException(W3CHttpResponseCodec.java:198)
at org.openqa.selenium.remote.codec.w3c.W3CHttpResponseCodec.decode(W3CHttpResponseCodec.java:131)
at org.openqa.selenium.remote.codec.w3c.W3CHttpResponseCodec.decode(W3CHttpResponseCodec.java:52)
at org.openqa.selenium.remote.HttpCommandExecutor.execute(HttpCommandExecutor.java:184)
at org.openqa.selenium.remote.service.DriverCommandExecutor.invokeExecute(DriverCommandExecutor.java:153)
at org.openqa.selenium.remote.service.DriverCommandExecutor.execute(DriverCommandExecutor.java:128)
at org.openqa.selenium.remote.RemoteWebDriver.execute(RemoteWebDriver.java:619)
at org.openqa.selenium.remote.RemoteWebDriver.execute(RemoteWebDriver.java:674)
at org.openqa.selenium.remote.RemoteWebDriver.execute(RemoteWebDriver.java:678)
at org.openqa.selenium.remote.RemoteWebDriver.close(RemoteWebDriver.java:504)
at PlateIqAssignment.MakeMyTripAssignment.PersonalLogin.closeWindow(PersonalLogin.java:123)
... Removed 32 stack frames]]>
    </failure>
  </testcase> <!-- @AfterTest closeWindow -->
  <testcase classname="PlateIqAssignment.MakeMyTripAssignment.PersonalLogin" name="personalLoginTests" time="4.835"/>
  <testcase classname="PlateIqAssignment.MakeMyTripAssignment.PersonalLogin" name="personalLoginTests" time="0.044"/>
  <testcase classname="PlateIqAssignment.MakeMyTripAssignment.PersonalLogin" name="personalLoginTests" time="0.008"/>
  <testcase classname="PlateIqAssignment.MakeMyTripAssignment.PersonalLogin" name="personalLoginTests" time="0.008"/>
  <testcase classname="PlateIqAssignment.MakeMyTripAssignment.PersonalLogin" name="personalLoginTests" time="0.009"/>
  <testcase classname="PlateIqAssignment.MakeMyTripAssignment.PersonalLogin" name="personalLoginTests" time="0.007"/>
  <testcase classname="PlateIqAssignment.MakeMyTripAssignment.PersonalLogin" name="personalLoginTests" time="0.006"/>
  <testcase classname="PlateIqAssignment.MakeMyTripAssignment.PersonalLogin" name="personalLoginTests" time="0.006"/>
  <testcase classname="PlateIqAssignment.MakeMyTripAssignment.PersonalLogin" name="personalLoginTests" time="0.006"/>
  <testcase classname="PlateIqAssignment.MakeMyTripAssignment.PersonalLogin" name="personalLoginTests" time="0.007"/>
  <testcase classname="PlateIqAssignment.MakeMyTripAssignment.PersonalLogin" name="personalLoginTests" time="0.006"/>
  <testcase classname="PlateIqAssignment.MakeMyTripAssignment.PersonalLogin" name="personalLoginTests" time="0.006"/>
</testsuite> <!-- PersonalLoginTest -->
