<?xml version="1.0" encoding="UTF-8"?>
<!-- Generated by org.testng.reporters.JUnitReportReporter -->
<testsuite hostname="Ashish-Mahadi" failures="0" tests="13" name="PlateIqAssignment.MakeMyTripAssignment.PersonalLogin" time="9.117" errors="1" timestamp="2021-05-07T01:35:19 IST" skipped="0">
  <testcase classname="PlateIqAssignment.MakeMyTripAssignment.PersonalLogin" name="closeWindow" time="0.007">
    <error message="chrome not reachable
  (Session info: chrome=88.0.4324.182)
Build info: version: &#039;4.0.0-beta-3&#039;, revision: &#039;5d108f9a67&#039;
System info: host: &#039;Ashish-Mahadi&#039;, ip: &#039;127.0.1.1&#039;, os.name: &#039;Linux&#039;, os.arch: &#039;amd64&#039;, os.version: &#039;5.3.0-64-generic&#039;, java.version: &#039;11.0.7&#039;
Driver info: org.openqa.selenium.chrome.ChromeDriver
Command: [52399b46a1417f8d5f9e7baafa7822e8, close {}]
Capabilities {acceptInsecureCerts: false, browserName: chrome, browserVersion: 88.0.4324.182, chrome: {chromedriverVersion: 88.0.4324.96 (68dba2d8a0b14..., userDataDir: /tmp/.com.google.Chrome.ioI5JT}, goog:chromeOptions: {debuggerAddress: localhost:43685}, javascriptEnabled: true, networkConnectionEnabled: false, pageLoadStrategy: normal, platform: LINUX, platformName: LINUX, proxy: Proxy(), se:cdp: ws://localhost:43685/devtoo..., se:cdpVersion: 88.0.4324.182, setWindowRect: true, strictFileInteractability: false, timeouts: {implicit: 0, pageLoad: 300000, script: 30000}, unhandledPromptBehavior: dismiss and notify, webauthn:extension:largeBlob: true, webauthn:virtualAuthenticators: true}
Session ID: 52399b46a1417f8d5f9e7baafa7822e8" type="org.openqa.selenium.WebDriverException">
      <![CDATA[org.openqa.selenium.WebDriverException: chrome not reachable
  (Session info: chrome=88.0.4324.182)
Build info: version: '4.0.0-beta-3', revision: '5d108f9a67'
System info: host: 'Ashish-Mahadi', ip: '127.0.1.1', os.name: 'Linux', os.arch: 'amd64', os.version: '5.3.0-64-generic', java.version: '11.0.7'
Driver info: org.openqa.selenium.chrome.ChromeDriver
Command: [52399b46a1417f8d5f9e7baafa7822e8, close {}]
Capabilities {acceptInsecureCerts: false, browserName: chrome, browserVersion: 88.0.4324.182, chrome: {chromedriverVersion: 88.0.4324.96 (68dba2d8a0b14..., userDataDir: /tmp/.com.google.Chrome.ioI5JT}, goog:chromeOptions: {debuggerAddress: localhost:43685}, javascriptEnabled: true, networkConnectionEnabled: false, pageLoadStrategy: normal, platform: LINUX, platformName: LINUX, proxy: Proxy(), se:cdp: ws://localhost:43685/devtoo..., se:cdpVersion: 88.0.4324.182, setWindowRect: true, strictFileInteractability: false, timeouts: {implicit: 0, pageLoad: 300000, script: 30000}, unhandledPromptBehavior: dismiss and notify, webauthn:extension:largeBlob: true, webauthn:virtualAuthenticators: true}
Session ID: 52399b46a1417f8d5f9e7baafa7822e8
at java.base/jdk.internal.reflect.NativeConstructorAccessorImpl.newInstance0(Native Method)
at java.base/jdk.internal.reflect.NativeConstructorAccessorImpl.newInstance(NativeConstructorAccessorImpl.java:62)
at java.base/jdk.internal.reflect.DelegatingConstructorAccessorImpl.newInstance(DelegatingConstructorAccessorImpl.java:45)
at java.base/java.lang.reflect.Constructor.newInstance(Constructor.java:490)
at org.openqa.selenium.remote.codec.w3c.W3CHttpResponseCodec.createException(W3CHttpResponseCodec.java:198)
at org.openqa.selenium.remote.codec.w3c.W3CHttpResponseCodec.decode(W3CHttpResponseCodec.java:131)
at org.openqa.selenium.remote.codec.w3c.W3CHttpResponseCodec.decode(W3CHttpResponseCodec.java:52)
at org.openqa.selenium.remote.HttpCommandExecutor.execute(HttpCommandExecutor.java:184)
at org.openqa.selenium.remote.service.DriverCommandExecutor.invokeExecute(DriverCommandExecutor.java:153)
at org.openqa.selenium.remote.service.DriverCommandExecutor.execute(DriverCommandExecutor.java:128)
at org.openqa.selenium.remote.RemoteWebDriver.execute(RemoteWebDriver.java:619)
at org.openqa.selenium.remote.RemoteWebDriver.execute(RemoteWebDriver.java:674)
at org.openqa.selenium.remote.RemoteWebDriver.execute(RemoteWebDriver.java:678)
at org.openqa.selenium.remote.RemoteWebDriver.close(RemoteWebDriver.java:504)
at PlateIqAssignment.MakeMyTripAssignment.PersonalLogin.closeWindow(PersonalLogin.java:123)
at java.base/jdk.internal.reflect.NativeMethodAccessorImpl.invoke0(Native Method)
at java.base/jdk.internal.reflect.NativeMethodAccessorImpl.invoke(NativeMethodAccessorImpl.java:62)
at java.base/jdk.internal.reflect.DelegatingMethodAccessorImpl.invoke(DelegatingMethodAccessorImpl.java:43)
at java.base/java.lang.reflect.Method.invoke(Method.java:566)
at org.testng.internal.MethodInvocationHelper.invokeMethod(MethodInvocationHelper.java:133)
at org.testng.internal.MethodInvocationHelper.invokeMethodConsideringTimeout(MethodInvocationHelper.java:62)
at org.testng.internal.ConfigInvoker.invokeConfigurationMethod(ConfigInvoker.java:385)
at org.testng.internal.ConfigInvoker.invokeConfigurations(ConfigInvoker.java:321)
at org.testng.TestRunner.invokeTestConfigurations(TestRunner.java:637)
at org.testng.TestRunner.afterRun(TestRunner.java:877)
at org.testng.TestRunner.run(TestRunner.java:599)
at org.testng.SuiteRunner.runTest(SuiteRunner.java:377)
at org.testng.SuiteRunner.runSequentially(SuiteRunner.java:371)
at org.testng.SuiteRunner.privateRun(SuiteRunner.java:332)
at org.testng.SuiteRunner.run(SuiteRunner.java:276)
at org.testng.SuiteRunnerWorker.runSuite(SuiteRunnerWorker.java:53)
at org.testng.SuiteRunnerWorker.run(SuiteRunnerWorker.java:96)
at org.testng.TestNG.runSuitesSequentially(TestNG.java:1212)
at org.testng.TestNG.runSuitesLocally(TestNG.java:1134)
at org.testng.TestNG.runSuites(TestNG.java:1063)
at org.testng.TestNG.run(TestNG.java:1031)
at org.testng.remote.AbstractRemoteTestNG.run(AbstractRemoteTestNG.java:115)
at org.testng.remote.RemoteTestNG.initAndRun(RemoteTestNG.java:251)
at org.testng.remote.RemoteTestNG.main(RemoteTestNG.java:77)
]]>
    </error>
  </testcase> <!-- closeWindow -->
  <system-out/>
  <testcase classname="PlateIqAssignment.MakeMyTripAssignment.PersonalLogin" name="personalLoginTests" time="0.007"/>
  <system-out/>
  <testcase classname="PlateIqAssignment.MakeMyTripAssignment.PersonalLogin" name="personalLoginTests" time="0.006"/>
  <system-out/>
  <testcase classname="PlateIqAssignment.MakeMyTripAssignment.PersonalLogin" name="personalLoginTests" time="0.009"/>
  <system-out/>
  <testcase classname="PlateIqAssignment.MakeMyTripAssignment.PersonalLogin" name="personalLoginTests" time="0.010"/>
  <system-out/>
  <testcase classname="PlateIqAssignment.MakeMyTripAssignment.PersonalLogin" name="personalLoginTests" time="0.008"/>
  <system-out/>
  <testcase classname="PlateIqAssignment.MakeMyTripAssignment.PersonalLogin" name="personalLoginTests" time="0.011"/>
  <system-out/>
  <testcase classname="PlateIqAssignment.MakeMyTripAssignment.PersonalLogin" name="personalLoginTests" time="0.006"/>
  <system-out/>
  <testcase classname="PlateIqAssignment.MakeMyTripAssignment.PersonalLogin" name="personalLoginTests" time="0.009"/>
  <system-out/>
  <testcase classname="PlateIqAssignment.MakeMyTripAssignment.PersonalLogin" name="personalLoginTests" time="0.007"/>
  <system-out/>
  <testcase classname="PlateIqAssignment.MakeMyTripAssignment.PersonalLogin" name="personalLoginTests" time="0.006"/>
  <system-out/>
  <testcase classname="PlateIqAssignment.MakeMyTripAssignment.PersonalLogin" name="personalLoginTests" time="9.019"/>
  <system-out/>
  <testcase classname="PlateIqAssignment.MakeMyTripAssignment.PersonalLogin" name="personalLoginTests" time="0.012"/>
  <system-out/>
</testsuite> <!-- PlateIqAssignment.MakeMyTripAssignment.PersonalLogin -->
